{"level":"\u001b[32minfo\u001b[39m","message":"{\"method\":\"POST\",\"url\":\"/api/signup\",\"status\":\"200\",\"responseTime\":\"3.525\"}","timestamp":"2025-01-06T09:45:52.098Z"}
{"level":"\u001b[32minfo\u001b[39m","message":"{\"method\":\"POST\",\"url\":\"/api/signup\",\"status\":\"200\",\"responseTime\":\"192.739\"}","timestamp":"2025-01-06T09:47:14.747Z"}
{"level":"\u001b[32minfo\u001b[39m","message":"{\"method\":\"POST\",\"url\":\"/api/signup\",\"status\":\"200\",\"responseTime\":\"141.095\"}","timestamp":"2025-01-06T09:53:30.342Z"}
{"level":"\u001b[32minfo\u001b[39m","message":"{\"method\":\"POST\",\"url\":\"/api/signup\",\"status\":\"409\",\"responseTime\":\"52.858\"}","timestamp":"2025-01-06T09:56:41.078Z"}
{"level":"\u001b[32minfo\u001b[39m","message":"{\"method\":\"POST\",\"url\":\"/api/signup\",\"status\":\"400\",\"responseTime\":\"0.517\"}","timestamp":"2025-01-06T09:56:54.372Z"}
{"level":"\u001b[32minfo\u001b[39m","message":"{\"method\":\"POST\",\"url\":\"/api/signup\",\"status\":\"400\",\"responseTime\":\"0.576\"}","timestamp":"2025-01-06T09:57:05.040Z"}
{"level":"\u001b[32minfo\u001b[39m","message":"{\"method\":\"POST\",\"url\":\"/api/signup\",\"status\":\"400\",\"responseTime\":\"0.552\"}","timestamp":"2025-01-06T09:57:12.758Z"}
{"level":"\u001b[32minfo\u001b[39m","message":"{\"method\":\"POST\",\"url\":\"/api/signup\",\"status\":\"201\",\"responseTime\":\"161.041\"}","timestamp":"2025-01-06T09:57:19.196Z"}
{"level":"\u001b[32minfo\u001b[39m","message":"{\"method\":\"POST\",\"url\":\"/api/signup\",\"status\":\"409\",\"responseTime\":\"53.799\"}","timestamp":"2025-01-06T10:01:12.214Z"}
{"level":"\u001b[32minfo\u001b[39m","message":"{\"method\":\"POST\",\"url\":\"/api/signup\",\"status\":\"201\",\"responseTime\":\"187.001\"}","timestamp":"2025-01-06T10:01:19.048Z"}
{"level":"\u001b[32minfo\u001b[39m","message":"{\"method\":\"POST\",\"url\":\"/api/login\",\"status\":\"200\",\"responseTime\":\"86.286\"}","timestamp":"2025-01-08T06:54:18.796Z"}
{"level":"\u001b[32minfo\u001b[39m","message":"{\"method\":\"POST\",\"url\":\"/api/login\",\"status\":\"401\",\"responseTime\":\"43.255\"}","timestamp":"2025-01-08T06:54:28.220Z"}
{"level":"\u001b[32minfo\u001b[39m","message":"{\"method\":\"POST\",\"url\":\"/api/login\",\"status\":\"200\",\"responseTime\":\"46.129\"}","timestamp":"2025-01-08T06:54:36.458Z"}
{"level":"\u001b[32minfo\u001b[39m","message":"{\"method\":\"POST\",\"url\":\"/api/login\",\"status\":\"200\",\"responseTime\":\"42.460\"}","timestamp":"2025-01-08T06:54:43.152Z"}
{"level":"\u001b[32minfo\u001b[39m","message":"{\"method\":\"POST\",\"url\":\"/api/login\",\"status\":\"200\",\"responseTime\":\"51.157\"}","timestamp":"2025-01-08T06:54:48.530Z"}
{"level":"\u001b[32minfo\u001b[39m","message":"{\"method\":\"POST\",\"url\":\"/api/login\",\"status\":\"200\",\"responseTime\":\"41.917\"}","timestamp":"2025-01-08T06:55:21.351Z"}
{"level":"\u001b[32minfo\u001b[39m","message":"{\"method\":\"POST\",\"url\":\"/api/login\",\"status\":\"200\",\"responseTime\":\"43.749\"}","timestamp":"2025-01-08T06:55:25.718Z"}
{"level":"\u001b[32minfo\u001b[39m","message":"{\"method\":\"POST\",\"url\":\"/api/login\",\"status\":\"200\",\"responseTime\":\"70.207\"}","timestamp":"2025-01-08T06:57:28.389Z"}
{"level":"\u001b[32minfo\u001b[39m","message":"{\"method\":\"POST\",\"url\":\"/api/login\",\"status\":\"200\",\"responseTime\":\"79.456\"}","timestamp":"2025-01-08T06:58:54.699Z"}
{"level":"\u001b[32minfo\u001b[39m","message":"{\"method\":\"POST\",\"url\":\"/api/login\",\"status\":\"401\",\"responseTime\":\"296.939\"}","timestamp":"2025-01-08T07:01:20.147Z"}
{"level":"\u001b[32minfo\u001b[39m","message":"{\"method\":\"POST\",\"url\":\"/api/login\",\"status\":\"200\",\"responseTime\":\"180.141\"}","timestamp":"2025-01-08T07:01:27.189Z"}
{"level":"\u001b[32minfo\u001b[39m","message":"{\"method\":\"POST\",\"url\":\"/api/login\",\"status\":\"401\",\"responseTime\":\"207.218\"}","timestamp":"2025-01-08T07:01:34.507Z"}
{"level":"\u001b[32minfo\u001b[39m","message":"{\"method\":\"POST\",\"url\":\"/api/login\",\"status\":\"200\",\"responseTime\":\"161.975\"}","timestamp":"2025-01-08T07:01:39.274Z"}
{"level":"\u001b[32minfo\u001b[39m","message":"{\"method\":\"POST\",\"url\":\"/api/login\",\"status\":\"200\",\"responseTime\":\"159.446\"}","timestamp":"2025-01-08T07:25:35.758Z"}
{"level":"\u001b[32minfo\u001b[39m","message":"{\"method\":\"GET\",\"url\":\"/api/logout\",\"status\":\"200\",\"responseTime\":\"3.745\"}","timestamp":"2025-01-08T07:29:51.074Z"}
{"level":"\u001b[32minfo\u001b[39m","message":"{\"method\":\"POST\",\"url\":\"/api/login\",\"status\":\"200\",\"responseTime\":\"132.097\"}","timestamp":"2025-01-08T07:30:09.433Z"}
{"level":"\u001b[32minfo\u001b[39m","message":"{\"method\":\"GET\",\"url\":\"/api/logout\",\"status\":\"200\",\"responseTime\":\"1.263\"}","timestamp":"2025-01-08T07:30:18.219Z"}
{"level":"\u001b[32minfo\u001b[39m","message":"{\"method\":\"POST\",\"url\":\"/api/login\",\"status\":\"401\",\"responseTime\":\"485.618\"}","timestamp":"2025-01-08T09:45:26.073Z"}
{"level":"\u001b[32minfo\u001b[39m","message":"{\"method\":\"POST\",\"url\":\"/api/login\",\"status\":\"200\",\"responseTime\":\"186.089\"}","timestamp":"2025-01-08T09:50:38.194Z"}
{"level":"\u001b[32minfo\u001b[39m","message":"{\"method\":\"POST\",\"url\":\"/api/signup\",\"status\":\"400\",\"responseTime\":\"3.422\"}","timestamp":"2025-01-08T09:59:08.396Z"}
{"level":"\u001b[32minfo\u001b[39m","message":"{\"method\":\"POST\",\"url\":\"/api/signup\",\"status\":\"201\",\"responseTime\":\"304.625\"}","timestamp":"2025-01-08T10:00:51.305Z"}
{"level":"\u001b[32minfo\u001b[39m","message":"{\"method\":\"POST\",\"url\":\"/api/login\",\"status\":\"401\",\"responseTime\":\"130.621\"}","timestamp":"2025-01-08T10:01:33.038Z"}
{"level":"\u001b[32minfo\u001b[39m","message":"{\"method\":\"POST\",\"url\":\"/api/login\",\"status\":\"200\",\"responseTime\":\"141.564\"}","timestamp":"2025-01-08T10:01:57.581Z"}
{"level":"\u001b[32minfo\u001b[39m","message":"{\"method\":\"POST\",\"url\":\"/api/login\",\"status\":\"200\",\"responseTime\":\"175.333\"}","timestamp":"2025-01-08T10:12:04.259Z"}
{"level":"\u001b[32minfo\u001b[39m","message":"{\"method\":\"POST\",\"url\":\"/api/logout\",\"status\":\"404\",\"responseTime\":\"7.507\"}","timestamp":"2025-01-08T10:12:23.051Z"}
{"level":"\u001b[32minfo\u001b[39m","message":"{\"method\":\"POST\",\"url\":\"/api/login\",\"status\":\"200\",\"responseTime\":\"193.742\"}","timestamp":"2025-01-08T10:12:38.908Z"}
{"level":"\u001b[32minfo\u001b[39m","message":"{\"method\":\"POST\",\"url\":\"/api/logout\",\"status\":\"404\",\"responseTime\":\"1.601\"}","timestamp":"2025-01-08T10:13:15.420Z"}
{"level":"\u001b[32minfo\u001b[39m","message":"{\"method\":\"POST\",\"url\":\"/api/login\",\"status\":\"200\",\"responseTime\":\"151.997\"}","timestamp":"2025-01-08T10:14:25.440Z"}
{"level":"\u001b[32minfo\u001b[39m","message":"{\"method\":\"POST\",\"url\":\"/api/login\",\"status\":\"200\",\"responseTime\":\"165.584\"}","timestamp":"2025-01-08T10:14:43.696Z"}
{"level":"\u001b[32minfo\u001b[39m","message":"{\"method\":\"POST\",\"url\":\"/api/login\",\"status\":\"200\",\"responseTime\":\"160.448\"}","timestamp":"2025-01-08T10:17:44.591Z"}
{"level":"\u001b[32minfo\u001b[39m","message":"{\"method\":\"POST\",\"url\":\"/api/logout\",\"status\":\"404\",\"responseTime\":\"1.324\"}","timestamp":"2025-01-08T16:03:16.356Z"}
{"level":"\u001b[32minfo\u001b[39m","message":"{\"method\":\"POST\",\"url\":\"/api/logout\",\"status\":\"404\",\"responseTime\":\"0.284\"}","timestamp":"2025-01-08T16:03:18.078Z"}
{"level":"\u001b[32minfo\u001b[39m","message":"{\"method\":\"POST\",\"url\":\"/api/logout\",\"status\":\"404\",\"responseTime\":\"0.431\"}","timestamp":"2025-01-08T16:03:19.668Z"}
{"level":"\u001b[32minfo\u001b[39m","message":"{\"method\":\"POST\",\"url\":\"/api/logout\",\"status\":\"404\",\"responseTime\":\"0.287\"}","timestamp":"2025-01-08T16:03:19.847Z"}
{"level":"\u001b[32minfo\u001b[39m","message":"{\"method\":\"POST\",\"url\":\"/api/login\",\"status\":\"200\",\"responseTime\":\"307.342\"}","timestamp":"2025-01-08T16:03:35.141Z"}
{"level":"\u001b[32minfo\u001b[39m","message":"{\"method\":\"POST\",\"url\":\"/api/logout\",\"status\":\"404\",\"responseTime\":\"0.439\"}","timestamp":"2025-01-08T16:03:37.810Z"}
{"level":"\u001b[32minfo\u001b[39m","message":"{\"method\":\"POST\",\"url\":\"/api/logout\",\"status\":\"404\",\"responseTime\":\"2.151\"}","timestamp":"2025-01-08T17:09:41.832Z"}
{"level":"\u001b[32minfo\u001b[39m","message":"{\"method\":\"POST\",\"url\":\"/api/logout\",\"status\":\"404\",\"responseTime\":\"3.561\"}","timestamp":"2025-01-08T17:12:40.800Z"}
{"level":"\u001b[32minfo\u001b[39m","message":"{\"method\":\"POST\",\"url\":\"/api/login\",\"status\":\"200\",\"responseTime\":\"122.700\"}","timestamp":"2025-01-08T17:20:38.726Z"}
{"level":"\u001b[32minfo\u001b[39m","message":"{\"method\":\"POST\",\"url\":\"/api/logout\",\"status\":\"404\",\"responseTime\":\"0.447\"}","timestamp":"2025-01-08T17:20:52.943Z"}
{"level":"\u001b[32minfo\u001b[39m","message":"{\"method\":\"POST\",\"url\":\"/api/logout\",\"status\":\"404\",\"responseTime\":\"0.349\"}","timestamp":"2025-01-08T17:20:53.650Z"}
{"level":"\u001b[32minfo\u001b[39m","message":"{\"method\":\"POST\",\"url\":\"/api/login\",\"status\":\"401\",\"responseTime\":\"104.688\"}","timestamp":"2025-01-08T17:21:52.081Z"}
{"level":"\u001b[32minfo\u001b[39m","message":"{\"method\":\"POST\",\"url\":\"/api/login\",\"status\":\"200\",\"responseTime\":\"99.291\"}","timestamp":"2025-01-08T17:22:00.514Z"}
{"level":"\u001b[32minfo\u001b[39m","message":"{\"method\":\"POST\",\"url\":\"/api/logout\",\"status\":\"404\",\"responseTime\":\"0.471\"}","timestamp":"2025-01-08T17:22:10.495Z"}
{"level":"\u001b[32minfo\u001b[39m","message":"{\"method\":\"POST\",\"url\":\"/api/logout\",\"status\":\"404\",\"responseTime\":\"0.402\"}","timestamp":"2025-01-08T17:22:12.422Z"}
{"level":"\u001b[32minfo\u001b[39m","message":"{\"method\":\"POST\",\"url\":\"/api/logout\",\"status\":\"404\",\"responseTime\":\"7.513\"}","timestamp":"2025-01-08T17:29:10.890Z"}
{"level":"\u001b[32minfo\u001b[39m","message":"{\"method\":\"POST\",\"url\":\"/api/login\",\"status\":\"200\",\"responseTime\":\"55.393\"}","timestamp":"2025-01-08T17:34:18.842Z"}
{"level":"\u001b[32minfo\u001b[39m","message":"{\"method\":\"POST\",\"url\":\"/api/logout\",\"status\":\"404\",\"responseTime\":\"3.510\"}","timestamp":"2025-01-08T17:35:00.411Z"}
{"level":"\u001b[32minfo\u001b[39m","message":"{\"method\":\"POST\",\"url\":\"/api/logout\",\"status\":\"404\",\"responseTime\":\"0.442\"}","timestamp":"2025-01-08T17:41:03.877Z"}
{"level":"\u001b[32minfo\u001b[39m","message":"{\"method\":\"POST\",\"url\":\"/api/signup\",\"status\":\"201\",\"responseTime\":\"157.462\"}","timestamp":"2025-01-08T17:41:56.509Z"}
{"level":"\u001b[32minfo\u001b[39m","message":"{\"method\":\"POST\",\"url\":\"/api/login\",\"status\":\"200\",\"responseTime\":\"41.187\"}","timestamp":"2025-01-08T17:44:52.549Z"}
{"level":"\u001b[32minfo\u001b[39m","message":"{\"method\":\"POST\",\"url\":\"/api/login\",\"status\":\"200\",\"responseTime\":\"40.013\"}","timestamp":"2025-01-08T17:46:52.206Z"}
{"level":"\u001b[32minfo\u001b[39m","message":"{\"method\":\"POST\",\"url\":\"/api/logout\",\"status\":\"404\",\"responseTime\":\"0.508\"}","timestamp":"2025-01-08T17:47:03.762Z"}
{"level":"\u001b[32minfo\u001b[39m","message":"{\"method\":\"POST\",\"url\":\"/api/signup\",\"status\":\"201\",\"responseTime\":\"157.039\"}","timestamp":"2025-01-08T17:58:21.663Z"}
{"level":"\u001b[32minfo\u001b[39m","message":"{\"method\":\"POST\",\"url\":\"/api/login\",\"status\":\"200\",\"responseTime\":\"41.048\"}","timestamp":"2025-01-08T17:58:35.901Z"}
{"level":"\u001b[32minfo\u001b[39m","message":"{\"method\":\"POST\",\"url\":\"/api/logout\",\"status\":\"404\",\"responseTime\":\"1.327\"}","timestamp":"2025-01-08T17:58:46.466Z"}
{"level":"\u001b[32minfo\u001b[39m","message":"{\"method\":\"POST\",\"url\":\"/api/logout\",\"status\":\"404\",\"responseTime\":\"0.493\"}","timestamp":"2025-01-08T17:58:55.520Z"}
{"level":"\u001b[32minfo\u001b[39m","message":"{\"method\":\"GET\",\"url\":\"/api/logout\",\"status\":\"200\",\"responseTime\":\"0.958\"}","timestamp":"2025-01-08T17:59:34.547Z"}
{"level":"\u001b[32minfo\u001b[39m","message":"{\"method\":\"POST\",\"url\":\"/api/login\",\"status\":\"200\",\"responseTime\":\"39.867\"}","timestamp":"2025-01-08T18:00:20.908Z"}
{"level":"\u001b[32minfo\u001b[39m","message":"{\"method\":\"GET\",\"url\":\"/api/logout\",\"status\":\"304\",\"responseTime\":\"1.009\"}","timestamp":"2025-01-08T18:00:29.175Z"}
{"level":"\u001b[32minfo\u001b[39m","message":"{\"method\":\"GET\",\"url\":\"/api/logout\",\"status\":\"200\",\"responseTime\":\"0.541\"}","timestamp":"2025-01-08T18:01:09.565Z"}
{"level":"\u001b[32minfo\u001b[39m","message":"{\"method\":\"GET\",\"url\":\"/api/logout\",\"status\":\"200\",\"responseTime\":\"0.360\"}","timestamp":"2025-01-08T18:02:56.735Z"}
{"level":"\u001b[32minfo\u001b[39m","message":"{\"method\":\"GET\",\"url\":\"/api/logout\",\"status\":\"200\",\"responseTime\":\"0.281\"}","timestamp":"2025-01-08T18:03:06.504Z"}
{"level":"\u001b[32minfo\u001b[39m","message":"{\"method\":\"POST\",\"url\":\"/api/login\",\"status\":\"200\",\"responseTime\":\"45.865\"}","timestamp":"2025-01-08T18:07:06.796Z"}
{"level":"\u001b[32minfo\u001b[39m","message":"{\"method\":\"GET\",\"url\":\"/api/logout\",\"status\":\"304\",\"responseTime\":\"1.157\"}","timestamp":"2025-01-08T18:07:13.401Z"}
{"level":"\u001b[32minfo\u001b[39m","message":"{\"method\":\"POST\",\"url\":\"/api/login\",\"status\":\"200\",\"responseTime\":\"51.550\"}","timestamp":"2025-01-08T18:07:35.863Z"}
{"level":"\u001b[32minfo\u001b[39m","message":"{\"method\":\"GET\",\"url\":\"/api/logout\",\"status\":\"304\",\"responseTime\":\"1.224\"}","timestamp":"2025-01-08T18:07:40.839Z"}
{"level":"\u001b[32minfo\u001b[39m","message":"{\"method\":\"POST\",\"url\":\"/api/login\",\"status\":\"200\",\"responseTime\":\"59.382\"}","timestamp":"2025-01-08T18:09:47.668Z"}
{"level":"\u001b[32minfo\u001b[39m","message":"{\"method\":\"GET\",\"url\":\"/api/logout\",\"status\":\"500\",\"responseTime\":\"0.751\"}","timestamp":"2025-01-08T18:09:54.022Z"}
{"level":"\u001b[32minfo\u001b[39m","message":"{\"method\":\"POST\",\"url\":\"/api/login\",\"status\":\"200\",\"responseTime\":\"49.853\"}","timestamp":"2025-01-08T18:12:56.215Z"}
{"level":"\u001b[32minfo\u001b[39m","message":"{\"method\":\"GET\",\"url\":\"/api/logout\",\"status\":\"200\",\"responseTime\":\"1.348\"}","timestamp":"2025-01-08T18:13:08.123Z"}
{"level":"\u001b[32minfo\u001b[39m","message":"{\"method\":\"POST\",\"url\":\"/api/login\",\"status\":\"200\",\"responseTime\":\"39.786\"}","timestamp":"2025-01-08T18:13:21.435Z"}
{"level":"\u001b[32minfo\u001b[39m","message":"{\"method\":\"GET\",\"url\":\"/api/logout\",\"status\":\"304\",\"responseTime\":\"1.053\"}","timestamp":"2025-01-08T18:13:38.314Z"}
{"level":"\u001b[32minfo\u001b[39m","message":"{\"method\":\"POST\",\"url\":\"/api/login\",\"status\":\"200\",\"responseTime\":\"38.950\"}","timestamp":"2025-01-08T18:14:10.545Z"}
{"level":"\u001b[32minfo\u001b[39m","message":"{\"method\":\"GET\",\"url\":\"/api/logout\",\"status\":\"304\",\"responseTime\":\"0.683\"}","timestamp":"2025-01-08T18:14:31.220Z"}
{"level":"\u001b[32minfo\u001b[39m","message":"{\"method\":\"POST\",\"url\":\"/api/login\",\"status\":\"200\",\"responseTime\":\"57.092\"}","timestamp":"2025-01-08T18:15:22.214Z"}
{"level":"\u001b[32minfo\u001b[39m","message":"{\"method\":\"GET\",\"url\":\"/api/logout\",\"status\":\"304\",\"responseTime\":\"0.953\"}","timestamp":"2025-01-08T18:16:14.443Z"}
{"level":"\u001b[32minfo\u001b[39m","message":"{\"method\":\"POST\",\"url\":\"/api/submit\",\"status\":\"401\",\"responseTime\":\"225.145\"}","timestamp":"2025-01-09T07:36:19.503Z"}
{"level":"\u001b[32minfo\u001b[39m","message":"{\"method\":\"GET\",\"url\":\"/api/metrics\",\"status\":\"200\",\"responseTime\":\"43.604\"}","timestamp":"2025-01-09T07:39:07.988Z"}
{"level":"\u001b[32minfo\u001b[39m","message":"{\"method\":\"POST\",\"url\":\"/api/submit\",\"status\":\"401\",\"responseTime\":\"134.318\"}","timestamp":"2025-01-09T07:39:27.608Z"}
{"level":"\u001b[32minfo\u001b[39m","message":"{\"method\":\"POST\",\"url\":\"/api/submit\",\"status\":\"401\",\"responseTime\":\"377.951\"}","timestamp":"2025-01-09T07:39:32.306Z"}
{"level":"\u001b[32minfo\u001b[39m","message":"{\"method\":\"POST\",\"url\":\"/api/submit\",\"status\":\"401\",\"responseTime\":\"113.947\"}","timestamp":"2025-01-09T07:39:36.957Z"}
{"level":"\u001b[32minfo\u001b[39m","message":"{\"method\":\"POST\",\"url\":\"/api/submit\",\"status\":\"401\",\"responseTime\":\"130.539\"}","timestamp":"2025-01-09T07:39:41.841Z"}
{"level":"\u001b[32minfo\u001b[39m","message":"{\"method\":\"POST\",\"url\":\"/api/submit\",\"status\":\"401\",\"responseTime\":\"112.403\"}","timestamp":"2025-01-09T07:39:47.587Z"}
{"level":"\u001b[32minfo\u001b[39m","message":"{\"method\":\"POST\",\"url\":\"/api/submit\",\"status\":\"401\",\"responseTime\":\"172.102\"}","timestamp":"2025-01-09T07:41:36.082Z"}
{"level":"\u001b[32minfo\u001b[39m","message":"{\"method\":\"GET\",\"url\":\"/api/metrics\",\"status\":\"200\",\"responseTime\":\"41.978\"}","timestamp":"2025-01-09T07:42:02.873Z"}
{"level":"\u001b[32minfo\u001b[39m","message":"{\"method\":\"POST\",\"url\":\"/api/submit\",\"status\":\"401\",\"responseTime\":\"122.503\"}","timestamp":"2025-01-09T07:46:14.826Z"}
{"level":"\u001b[32minfo\u001b[39m","message":"{\"method\":\"POST\",\"url\":\"/api/submit\",\"status\":\"401\",\"responseTime\":\"113.468\"}","timestamp":"2025-01-09T07:46:18.199Z"}
{"level":"\u001b[32minfo\u001b[39m","message":"{\"method\":\"POST\",\"url\":\"/api/submit\",\"status\":\"401\",\"responseTime\":\"117.383\"}","timestamp":"2025-01-09T07:46:21.751Z"}
{"level":"\u001b[32minfo\u001b[39m","message":"{\"method\":\"POST\",\"url\":\"/api/submit\",\"status\":\"401\",\"responseTime\":\"109.613\"}","timestamp":"2025-01-09T07:46:25.230Z"}
{"level":"\u001b[32minfo\u001b[39m","message":"{\"method\":\"POST\",\"url\":\"/api/submit\",\"status\":\"401\",\"responseTime\":\"109.677\"}","timestamp":"2025-01-09T07:46:28.696Z"}
{"level":"\u001b[32minfo\u001b[39m","message":"{\"method\":\"POST\",\"url\":\"/api/submit\",\"status\":\"401\",\"responseTime\":\"285.817\"}","timestamp":"2025-01-09T07:47:40.717Z"}
{"level":"\u001b[32minfo\u001b[39m","message":"{\"method\":\"POST\",\"url\":\"/api/submit\",\"status\":\"401\",\"responseTime\":\"139.132\"}","timestamp":"2025-01-09T07:47:59.641Z"}
{"level":"\u001b[32minfo\u001b[39m","message":"{\"method\":\"POST\",\"url\":\"/api/submit\",\"status\":\"401\",\"responseTime\":\"153.689\"}","timestamp":"2025-01-09T15:09:17.031Z"}
{"level":"\u001b[32minfo\u001b[39m","message":"{\"method\":\"GET\",\"url\":\"/api/metrics\",\"status\":\"200\",\"responseTime\":\"35.502\"}","timestamp":"2025-01-09T15:11:24.647Z"}
{"level":"\u001b[32minfo\u001b[39m","message":"{\"method\":\"POST\",\"url\":\"/api/submit\",\"status\":\"401\",\"responseTime\":\"189.192\"}","timestamp":"2025-01-09T15:27:37.424Z"}
{"level":"\u001b[32minfo\u001b[39m","message":"{\"method\":\"POST\",\"url\":\"/api/submit\",\"status\":\"401\",\"responseTime\":\"138.184\"}","timestamp":"2025-01-09T15:27:40.709Z"}
{"level":"\u001b[32minfo\u001b[39m","message":"{\"method\":\"POST\",\"url\":\"/api/submit\",\"status\":\"401\",\"responseTime\":\"120.083\"}","timestamp":"2025-01-09T15:27:45.042Z"}
{"level":"\u001b[32minfo\u001b[39m","message":"{\"method\":\"POST\",\"url\":\"/api/submit\",\"status\":\"401\",\"responseTime\":\"121.914\"}","timestamp":"2025-01-09T15:27:48.628Z"}
{"level":"\u001b[32minfo\u001b[39m","message":"{\"method\":\"POST\",\"url\":\"/api/submit\",\"status\":\"401\",\"responseTime\":\"165.211\"}","timestamp":"2025-01-09T15:27:52.581Z"}
{"level":"\u001b[32minfo\u001b[39m","message":"{\"method\":\"POST\",\"url\":\"/api/submit\",\"status\":\"401\",\"responseTime\":\"199.620\"}","timestamp":"2025-01-09T15:34:30.027Z"}
{"level":"\u001b[32minfo\u001b[39m","message":"{\"method\":\"POST\",\"url\":\"/api/submit\",\"status\":\"200\",\"responseTime\":\"3.982\"}","timestamp":"2025-01-09T15:35:18.876Z"}
{"level":"\u001b[32minfo\u001b[39m","message":"{\"method\":\"POST\",\"url\":\"/api/submit\",\"status\":\"401\",\"responseTime\":\"208.318\"}","timestamp":"2025-01-09T15:35:47.569Z"}
{"level":"\u001b[32minfo\u001b[39m","message":"{\"method\":\"POST\",\"url\":\"/api/submit\",\"status\":\"401\",\"responseTime\":\"327.873\"}","timestamp":"2025-01-09T15:45:20.688Z"}
{"level":"\u001b[32minfo\u001b[39m","message":"{\"method\":\"POST\",\"url\":\"/api/submit\",\"status\":\"401\",\"responseTime\":\"160.764\"}","timestamp":"2025-01-09T15:45:27.798Z"}
{"level":"\u001b[32minfo\u001b[39m","message":"{\"method\":\"POST\",\"url\":\"/api/submit\",\"status\":\"401\",\"responseTime\":\"179.673\"}","timestamp":"2025-01-09T15:45:32.866Z"}
{"level":"\u001b[32minfo\u001b[39m","message":"{\"method\":\"POST\",\"url\":\"/api/submit\",\"status\":\"401\",\"responseTime\":\"161.693\"}","timestamp":"2025-01-09T15:45:37.808Z"}
{"level":"\u001b[32minfo\u001b[39m","message":"{\"method\":\"POST\",\"url\":\"/api/submit\",\"status\":\"401\",\"responseTime\":\"185.009\"}","timestamp":"2025-01-09T15:45:42.434Z"}
